C:\USERS\M.SHTODA\GOOGLE DRIVE\3 ITSTEP\2 СЕМ\С++\LAPTEV35_FRACTION+WINAPI\LAPTEV35_FRACTION+WINAPI\DEBUG\VC110.PDB
C:\USERS\M.SHTODA\GOOGLE DRIVE\3 ITSTEP\2 сем\С++\LAPTEV35_FRACTION+WINAPI\LAPTEV35_FRACTION+WINAPI\DEBUG\MAIN.OBJ
C:\USERS\M.SHTODA\GOOGLE DRIVE\3 ITSTEP\2 сем\С++\LAPTEV35_FRACTION+WINAPI\DEBUG\LAPTEV35_FRACTION+WINAPI.ILK
C:\USERS\M.SHTODA\GOOGLE DRIVE\3 ITSTEP\2 сем\С++\LAPTEV35_FRACTION+WINAPI\DEBUG\LAPTEV35_FRACTION+WINAPI.EXE
C:\USERS\M.SHTODA\GOOGLE DRIVE\3 ITSTEP\2 СЕМ\С++\LAPTEV35_FRACTION+WINAPI\DEBUG\LAPTEV35_FRACTION+WINAPI.PDB
C:\USERS\M.SHTODA\GOOGLE DRIVE\3 ITSTEP\2 сем\С++\LAPTEV35_FRACTION+WINAPI\LAPTEV35_FRACTION+WINAPI\DEBUG\LAPTEV35_FRACTION+WINAPI.RES
C:\Users\m.shtoda\Google Drive\3 ItStep\2 сем\С++\Laptev35_Fraction+winAPI\Laptev35_Fraction+winAPI\Debug\Main.obj
C:\Users\m.shtoda\Google Drive\3 ItStep\2 сем\С++\Laptev35_Fraction+winAPI\Laptev35_Fraction+winAPI\Debug\cl.command.1.tlog
C:\Users\m.shtoda\Google Drive\3 ItStep\2 сем\С++\Laptev35_Fraction+winAPI\Laptev35_Fraction+winAPI\Debug\CL.read.1.tlog
C:\Users\m.shtoda\Google Drive\3 ItStep\2 сем\С++\Laptev35_Fraction+winAPI\Laptev35_Fraction+winAPI\Debug\CL.write.1.tlog
C:\Users\m.shtoda\Google Drive\3 ItStep\2 сем\С++\Laptev35_Fraction+winAPI\Laptev35_Fraction+winAPI\Debug\link-cvtres.read.1.tlog
C:\Users\m.shtoda\Google Drive\3 ItStep\2 сем\С++\Laptev35_Fraction+winAPI\Laptev35_Fraction+winAPI\Debug\link-cvtres.write.1.tlog
C:\Users\m.shtoda\Google Drive\3 ItStep\2 сем\С++\Laptev35_Fraction+winAPI\Laptev35_Fraction+winAPI\Debug\link-rc.read.1.tlog
C:\Users\m.shtoda\Google Drive\3 ItStep\2 сем\С++\Laptev35_Fraction+winAPI\Laptev35_Fraction+winAPI\Debug\link-rc.write.1.tlog
C:\Users\m.shtoda\Google Drive\3 ItStep\2 сем\С++\Laptev35_Fraction+winAPI\Laptev35_Fraction+winAPI\Debug\link.command.1.tlog
C:\Users\m.shtoda\Google Drive\3 ItStep\2 сем\С++\Laptev35_Fraction+winAPI\Laptev35_Fraction+winAPI\Debug\link.read.1.tlog
C:\Users\m.shtoda\Google Drive\3 ItStep\2 сем\С++\Laptev35_Fraction+winAPI\Laptev35_Fraction+winAPI\Debug\link.write.1.tlog
C:\Users\m.shtoda\Google Drive\3 ItStep\2 сем\С++\Laptev35_Fraction+winAPI\Laptev35_Fraction+winAPI\Debug\rc.command.1.tlog
C:\Users\m.shtoda\Google Drive\3 ItStep\2 сем\С++\Laptev35_Fraction+winAPI\Laptev35_Fraction+winAPI\Debug\rc.read.1.tlog
C:\Users\m.shtoda\Google Drive\3 ItStep\2 сем\С++\Laptev35_Fraction+winAPI\Laptev35_Fraction+winAPI\Debug\rc.write.1.tlog
C:\Users\m.shtoda\Google Drive\3 ItStep\2 сем\С++\Laptev35_Fraction+winAPI\Laptev35_Fraction+winAPI\Debug\Laptev35_Fraction+winAPI.res
C:\Users\m.shtoda\Google Drive\3 ItStep\2 сем\С++\Laptev35_Fraction+winAPI\Laptev35_Fraction+winAPI\Debug\vc110.idb
C:\Users\m.shtoda\Google Drive\3 ItStep\2 сем\С++\Laptev35_Fraction+winAPI\Laptev35_Fraction+winAPI\Debug\vc110.pdb
C:\Users\m.shtoda\Google Drive\3 ItStep\2 сем\С++\Laptev35_Fraction+winAPI\Debug\Laptev35_Fraction+winAPI.pdb
C:\Users\m.shtoda\Google Drive\3 ItStep\2 сем\С++\Laptev35_Fraction+winAPI\Debug\Laptev35_Fraction+winAPI.exe
C:\Users\m.shtoda\Google Drive\3 ItStep\2 сем\С++\Laptev35_Fraction+winAPI\Debug\Laptev35_Fraction+winAPI.ilk
