c:\users\m.shtoda\google drive\3 itstep\2 сем\с++\class abonent 2list laptev62\class abonent 2list laptev62\debug\class abonent 2list laptev62.pch
c:\users\m.shtoda\google drive\3 itstep\2 сем\с++\class abonent 2list laptev62\class abonent 2list laptev62\debug\vc140.pdb
c:\users\m.shtoda\google drive\3 itstep\2 сем\с++\class abonent 2list laptev62\class abonent 2list laptev62\debug\vc140.idb
c:\users\m.shtoda\google drive\3 itstep\2 сем\с++\class abonent 2list laptev62\class abonent 2list laptev62\debug\stdafx.obj
c:\users\m.shtoda\google drive\3 itstep\2 сем\с++\class abonent 2list laptev62\class abonent 2list laptev62\debug\abonent.obj
c:\users\m.shtoda\google drive\3 itstep\2 сем\с++\class abonent 2list laptev62\class abonent 2list laptev62\debug\list.obj
c:\users\m.shtoda\google drive\3 itstep\2 сем\с++\class abonent 2list laptev62\class abonent 2list laptev62\debug\menu.obj
c:\users\m.shtoda\google drive\3 itstep\2 сем\с++\class abonent 2list laptev62\class abonent 2list laptev62\debug\main.obj
c:\users\m.shtoda\google drive\3 itstep\2 сем\с++\class abonent 2list laptev62\debug\class abonent 2list laptev62.ilk
c:\users\m.shtoda\google drive\3 itstep\2 сем\с++\class abonent 2list laptev62\debug\class abonent 2list laptev62.exe
c:\users\m.shtoda\google drive\3 itstep\2 сем\с++\class abonent 2list laptev62\debug\class abonent 2list laptev62.pdb
c:\users\m.shtoda\google drive\3 itstep\2 сем\с++\class abonent 2list laptev62\class abonent 2list laptev62\debug\main (1).obj
c:\users\m.shtoda\google drive\3 itstep\2 сем\с++\class abonent 2list laptev62\class abonent 2list laptev62\debug\vc120.idb
c:\users\m.shtoda\google drive\3 itstep\2 сем\с++\class abonent 2list laptev62\class abonent 2list laptev62\debug\vc120.pdb
c:\users\m.shtoda\google drive\3 itstep\2 сем\с++\class abonent 2list laptev62\class abonent 2list laptev62\debug\class ab.43cec24a.tlog\cl.command.1 (1).tlog
c:\users\m.shtoda\google drive\3 itstep\2 сем\с++\class abonent 2list laptev62\class abonent 2list laptev62\debug\class ab.43cec24a.tlog\cl.command.1.tlog
c:\users\m.shtoda\google drive\3 itstep\2 сем\с++\class abonent 2list laptev62\class abonent 2list laptev62\debug\class ab.43cec24a.tlog\cl.read.1.tlog
c:\users\m.shtoda\google drive\3 itstep\2 сем\с++\class abonent 2list laptev62\class abonent 2list laptev62\debug\class ab.43cec24a.tlog\cl.write.1.tlog
c:\users\m.shtoda\google drive\3 itstep\2 сем\с++\class abonent 2list laptev62\class abonent 2list laptev62\debug\class ab.43cec24a.tlog\link.command.1.tlog
c:\users\m.shtoda\google drive\3 itstep\2 сем\с++\class abonent 2list laptev62\class abonent 2list laptev62\debug\class ab.43cec24a.tlog\link.read.1.tlog
c:\users\m.shtoda\google drive\3 itstep\2 сем\с++\class abonent 2list laptev62\class abonent 2list laptev62\debug\class ab.43cec24a.tlog\link.write.1.tlog
