C:\USERS\M.SHTODA\GOOGLE DRIVE\3 ITSTEP\2 сем\С++\CPP1_SHTODA\CPP1_SHTODA\DEBUG\CPP1_SHTODA.PCH
C:\USERS\M.SHTODA\GOOGLE DRIVE\3 ITSTEP\2 сем\С++\CPP1_SHTODA\CPP1_SHTODA\DEBUG\STDAFX.OBJ
C:\USERS\M.SHTODA\GOOGLE DRIVE\3 ITSTEP\2 СЕМ\С++\CPP1_SHTODA\CPP1_SHTODA\DEBUG\VC110.PDB
C:\USERS\M.SHTODA\GOOGLE DRIVE\3 ITSTEP\2 сем\С++\CPP1_SHTODA\CPP1_SHTODA\DEBUG\CPP1_SHTODA.OBJ
C:\USERS\M.SHTODA\GOOGLE DRIVE\3 ITSTEP\2 сем\С++\CPP1_SHTODA\CPP1_SHTODA\DEBUG\DATE.OBJ
C:\USERS\M.SHTODA\GOOGLE DRIVE\3 ITSTEP\2 сем\С++\CPP1_SHTODA\CPP1_SHTODA\DEBUG\MENU.OBJ
C:\USERS\M.SHTODA\GOOGLE DRIVE\3 ITSTEP\2 сем\С++\CPP1_SHTODA\DEBUG\CPP1_SHTODA.ILK
C:\USERS\M.SHTODA\GOOGLE DRIVE\3 ITSTEP\2 сем\С++\CPP1_SHTODA\DEBUG\CPP1_SHTODA.EXE
C:\USERS\M.SHTODA\GOOGLE DRIVE\3 ITSTEP\2 СЕМ\С++\CPP1_SHTODA\DEBUG\CPP1_SHTODA.PDB
C:\Users\m.shtoda\Google Drive\3 ItStep\2 сем\С++\Laptev26_Shtoda\Cpp1_Shtoda\Debug\Cpp1_Shtoda.obj
C:\Users\m.shtoda\Google Drive\3 ItStep\2 сем\С++\Laptev26_Shtoda\Cpp1_Shtoda\Debug\Date.obj
C:\Users\m.shtoda\Google Drive\3 ItStep\2 сем\С++\Laptev26_Shtoda\Cpp1_Shtoda\Debug\Menu.obj
C:\Users\m.shtoda\Google Drive\3 ItStep\2 сем\С++\Laptev26_Shtoda\Cpp1_Shtoda\Debug\stdafx.obj
C:\Users\m.shtoda\Google Drive\3 ItStep\2 сем\С++\Laptev26_Shtoda\Cpp1_Shtoda\Debug\cl.command.1.tlog
C:\Users\m.shtoda\Google Drive\3 ItStep\2 сем\С++\Laptev26_Shtoda\Cpp1_Shtoda\Debug\CL.read.1.tlog
C:\Users\m.shtoda\Google Drive\3 ItStep\2 сем\С++\Laptev26_Shtoda\Cpp1_Shtoda\Debug\CL.write.1.tlog
C:\Users\m.shtoda\Google Drive\3 ItStep\2 сем\С++\Laptev26_Shtoda\Cpp1_Shtoda\Debug\link-cvtres.read.1.tlog
C:\Users\m.shtoda\Google Drive\3 ItStep\2 сем\С++\Laptev26_Shtoda\Cpp1_Shtoda\Debug\link-cvtres.write.1.tlog
C:\Users\m.shtoda\Google Drive\3 ItStep\2 сем\С++\Laptev26_Shtoda\Cpp1_Shtoda\Debug\link-rc.read.1.tlog
C:\Users\m.shtoda\Google Drive\3 ItStep\2 сем\С++\Laptev26_Shtoda\Cpp1_Shtoda\Debug\link-rc.write.1.tlog
C:\Users\m.shtoda\Google Drive\3 ItStep\2 сем\С++\Laptev26_Shtoda\Cpp1_Shtoda\Debug\link.command.1.tlog
C:\Users\m.shtoda\Google Drive\3 ItStep\2 сем\С++\Laptev26_Shtoda\Cpp1_Shtoda\Debug\link.read.1.tlog
C:\Users\m.shtoda\Google Drive\3 ItStep\2 сем\С++\Laptev26_Shtoda\Cpp1_Shtoda\Debug\link.write.1.tlog
C:\Users\m.shtoda\Google Drive\3 ItStep\2 сем\С++\Laptev26_Shtoda\Cpp1_Shtoda\Debug\Cpp1_Shtoda.pch
C:\Users\m.shtoda\Google Drive\3 ItStep\2 сем\С++\Laptev26_Shtoda\Cpp1_Shtoda\Debug\vc110.idb
C:\Users\m.shtoda\Google Drive\3 ItStep\2 сем\С++\Laptev26_Shtoda\Cpp1_Shtoda\Debug\vc110.pdb
C:\Users\m.shtoda\Google Drive\3 ItStep\2 сем\С++\Laptev26_Shtoda\Debug\Cpp1_Shtoda.pdb
C:\Users\m.shtoda\Google Drive\3 ItStep\2 сем\С++\Laptev26_Shtoda\Debug\Cpp1_Shtoda.exe
C:\Users\m.shtoda\Google Drive\3 ItStep\2 сем\С++\Laptev26_Shtoda\Debug\Cpp1_Shtoda.ilk
