Build started 12.09.2016 21:10:15.
     1>Project "D:\MShtoda\Inheritance - example 2 12-09\Inheritance - example 2 12-09\Inheritance - example 2 12-09.vcxproj" on node 2 (Build target(s)).
     1>ClCompile:
         C:\Program Files (x86)\Microsoft Visual Studio 12.0\VC\bin\CL.exe /c /ZI /nologo /W3 /WX- /sdl /Od /Oy- /D WIN32 /D _DEBUG /D _CONSOLE /D _LIB /D _UNICODE /D UNICODE /Gm /EHsc /RTC1 /MDd /GS /fp:precise /Zc:wchar_t /Zc:forScope /Yc"stdafx.h" /Fp"Debug\Inheritance - example 2 12-09.pch" /Fo"Debug\\" /Fd"Debug\vc120.pdb" /Gd /TP /analyze- /errorReport:prompt stdafx.cpp
         stdafx.cpp
         C:\Program Files (x86)\Microsoft Visual Studio 12.0\VC\bin\CL.exe /c /ZI /nologo /W3 /WX- /sdl /Od /Oy- /D WIN32 /D _DEBUG /D _CONSOLE /D _LIB /D _UNICODE /D UNICODE /Gm /EHsc /RTC1 /MDd /GS /fp:precise /Zc:wchar_t /Zc:forScope /Yu"stdafx.h" /Fp"Debug\Inheritance - example 2 12-09.pch" /Fo"Debug\\" /Fd"Debug\vc120.pdb" /Gd /TP /analyze- /errorReport:prompt Animal.cpp Cat.cpp Dog.cpp Frog.cpp main.cpp
         main.cpp
         Frog.cpp
         Dog.cpp
         Cat.cpp
         Animal.cpp
         Generating Code...
       Link:
         C:\Program Files (x86)\Microsoft Visual Studio 12.0\VC\bin\link.exe /ERRORREPORT:PROMPT /OUT:"D:\MShtoda\Inheritance - example 2 12-09\Debug\Inheritance - example 2 12-09.exe" /INCREMENTAL /NOLOGO kernel32.lib user32.lib gdi32.lib winspool.lib comdlg32.lib advapi32.lib shell32.lib ole32.lib oleaut32.lib uuid.lib odbc32.lib odbccp32.lib /MANIFEST /MANIFESTUAC:"level='asInvoker' uiAccess='false'" /manifest:embed /DEBUG /PDB:"D:\MShtoda\Inheritance - example 2 12-09\Debug\Inheritance - example 2 12-09.pdb" /SUBSYSTEM:CONSOLE /TLBID:1 /DYNAMICBASE /NXCOMPAT /IMPLIB:"D:\MShtoda\Inheritance - example 2 12-09\Debug\Inheritance - example 2 12-09.lib" /MACHINE:X86 Debug\Animal.obj
         Debug\Cat.obj
         Debug\Dog.obj
         Debug\Frog.obj
         Debug\main.obj
         Debug\stdafx.obj
         Inheritance - example 2 12-09.vcxproj -> D:\MShtoda\Inheritance - example 2 12-09\Debug\Inheritance - example 2 12-09.exe
     1>Done Building Project "D:\MShtoda\Inheritance - example 2 12-09\Inheritance - example 2 12-09\Inheritance - example 2 12-09.vcxproj" (Build target(s)).

Build succeeded.

Time Elapsed 00:00:03.22
